<?xml version="1.0" encoding="UTF-8"?>
<!-- Generated by org.testng.reporters.JUnitReportReporter -->
<testsuite hostname="DESKTOP-DVCN8DD" failures="0" tests="1" name="test.Facebookpage" time="6.677" errors="0" timestamp="2025-01-19T21:24:35 IST" skipped="0">
  <testcase classname="test.Facebookpage" name="set" time="6.677"/>
</testsuite> <!-- test.Facebookpage -->
