<?xml version="1.0" encoding="UTF-8"?>
<!-- Generated by org.testng.reporters.JUnitReportReporter -->
<testsuite hostname="DESKTOP-DVCN8DD" failures="0" tests="2" name="test.amazon" time="6.752" errors="0" timestamp="2025-01-20T11:28:32 IST" skipped="0">
  <testcase classname="test.amazon" name="get" time="2.498"/>
  <testcase classname="test.amazon" name="set" time="4.254"/>
</testsuite> <!-- test.amazon -->
