<?xml version="1.0" encoding="UTF-8"?>
<!-- Generated by org.testng.reporters.JUnitReportReporter -->
<testsuite hostname="DESKTOP-DVCN8DD" failures="0" tests="1" name="test.Facebookpage" time="4.970" errors="0" timestamp="2025-01-20T11:29:27 IST" skipped="0">
  <testcase classname="test.Facebookpage" name="set" time="4.970"/>
</testsuite> <!-- test.Facebookpage -->
