<?xml version="1.0" encoding="UTF-8"?>
<!-- Generated by org.testng.reporters.JUnitReportReporter -->
<testsuite hostname="DESKTOP-DVCN8DD" failures="0" tests="1" name="test.Facebookpage" time="5.509" errors="0" timestamp="2025-01-19T21:25:00 IST" skipped="0">
  <testcase classname="test.Facebookpage" name="set" time="5.509"/>
</testsuite> <!-- test.Facebookpage -->
